 Documenting slal v0.1.0 (/app)
error: no rules expected the token `f64`
  --> src/matrix/utils.rs:72:18
   |
43 | macro_rules! impl_round {
   | ----------------------- when calling this macro
...
72 | impl_round! {f32 f64}
   |                  ^^^ no rules expected this token in macro call
   |
note: while trying to match meta-variable `$t:ty`
  --> src/matrix/utils.rs:44:6
   |
44 |     ($t:ty) => {
   |      ^^^^^

error: no rules expected the token `,`
  --> src/vertex/linear_arithmatic.rs:51:14
   |
1  | macro_rules! impl_mul_scala {
   | --------------------------- when calling this macro
...
51 |             ),
   |              ^ no rules expected this token in macro call
...
56 | impl_mul_scala! { i8 }
   | ---------------------- in this macro invocation
   |
note: while trying to match meta-variable `$doc:expr`
  --> src/vertex/linear_arithmatic.rs:2:13
   |
2  |     ($t:ty, $doc:expr) => {
   |             ^^^^^^^^^
   = note: this error originates in the macro `impl_mul_scala` (in Nightly builds, run with -Z macro-backtrace for more info)

error: no rules expected the token `,`
  --> src/vertex/linear_arithmatic.rs:51:14
   |
1  | macro_rules! impl_mul_scala {
   | --------------------------- when calling this macro
...
51 |             ),
   |              ^ no rules expected this token in macro call
...
57 | impl_mul_scala! { u8 }
   | ---------------------- in this macro invocation
   |
note: while trying to match meta-variable `$doc:expr`
  --> src/vertex/linear_arithmatic.rs:2:13
   |
2  |     ($t:ty, $doc:expr) => {
   |             ^^^^^^^^^
   = note: this error originates in the macro `impl_mul_scala` (in Nightly builds, run with -Z macro-backtrace for more info)

error: no rules expected the token `,`
  --> src/vertex/linear_arithmatic.rs:51:14
   |
1  | macro_rules! impl_mul_scala {
   | --------------------------- when calling this macro
...
51 |             ),
   |              ^ no rules expected this token in macro call
...
58 | impl_mul_scala! { i16 }
   | ----------------------- in this macro invocation
   |
note: while trying to match meta-variable `$doc:expr`
  --> src/vertex/linear_arithmatic.rs:2:13
   |
2  |     ($t:ty, $doc:expr) => {
   |             ^^^^^^^^^
   = note: this error originates in the macro `impl_mul_scala` (in Nightly builds, run with -Z macro-backtrace for more info)

error: no rules expected the token `,`
  --> src/vertex/linear_arithmatic.rs:51:14
   |
1  | macro_rules! impl_mul_scala {
   | --------------------------- when calling this macro
...
51 |             ),
   |              ^ no rules expected this token in macro call
...
59 | impl_mul_scala! { u16 }
   | ----------------------- in this macro invocation
   |
note: while trying to match meta-variable `$doc:expr`
  --> src/vertex/linear_arithmatic.rs:2:13
   |
2  |     ($t:ty, $doc:expr) => {
   |             ^^^^^^^^^
   = note: this error originates in the macro `impl_mul_scala` (in Nightly builds, run with -Z macro-backtrace for more info)

error: no rules expected the token `,`
  --> src/vertex/linear_arithmatic.rs:51:14
   |
1  | macro_rules! impl_mul_scala {
   | --------------------------- when calling this macro
...
51 |             ),
   |              ^ no rules expected this token in macro call
...
60 | impl_mul_scala! { i32 }
   | ----------------------- in this macro invocation
   |
note: while trying to match meta-variable `$doc:expr`
  --> src/vertex/linear_arithmatic.rs:2:13
   |
2  |     ($t:ty, $doc:expr) => {
   |             ^^^^^^^^^
   = note: this error originates in the macro `impl_mul_scala` (in Nightly builds, run with -Z macro-backtrace for more info)

error: no rules expected the token `,`
  --> src/vertex/linear_arithmatic.rs:51:14
   |
1  | macro_rules! impl_mul_scala {
   | --------------------------- when calling this macro
...
51 |             ),
   |              ^ no rules expected this token in macro call
...
61 | impl_mul_scala! { u32 }
   | ----------------------- in this macro invocation
   |
note: while trying to match meta-variable `$doc:expr`
  --> src/vertex/linear_arithmatic.rs:2:13
   |
2  |     ($t:ty, $doc:expr) => {
   |             ^^^^^^^^^
   = note: this error originates in the macro `impl_mul_scala` (in Nightly builds, run with -Z macro-backtrace for more info)

error: no rules expected the token `,`
  --> src/vertex/linear_arithmatic.rs:51:14
   |
1  | macro_rules! impl_mul_scala {
   | --------------------------- when calling this macro
...
51 |             ),
   |              ^ no rules expected this token in macro call
...
62 | impl_mul_scala! { i64 }
   | ----------------------- in this macro invocation
   |
note: while trying to match meta-variable `$doc:expr`
  --> src/vertex/linear_arithmatic.rs:2:13
   |
2  |     ($t:ty, $doc:expr) => {
   |             ^^^^^^^^^
   = note: this error originates in the macro `impl_mul_scala` (in Nightly builds, run with -Z macro-backtrace for more info)

error: no rules expected the token `,`
  --> src/vertex/linear_arithmatic.rs:51:14
   |
1  | macro_rules! impl_mul_scala {
   | --------------------------- when calling this macro
...
51 |             ),
   |              ^ no rules expected this token in macro call
...
63 | impl_mul_scala! { u64 }
   | ----------------------- in this macro invocation
   |
note: while trying to match meta-variable `$doc:expr`
  --> src/vertex/linear_arithmatic.rs:2:13
   |
2  |     ($t:ty, $doc:expr) => {
   |             ^^^^^^^^^
   = note: this error originates in the macro `impl_mul_scala` (in Nightly builds, run with -Z macro-backtrace for more info)

error: no rules expected the token `,`
  --> src/vertex/linear_arithmatic.rs:51:14
   |
1  | macro_rules! impl_mul_scala {
   | --------------------------- when calling this macro
...
51 |             ),
   |              ^ no rules expected this token in macro call
...
64 | impl_mul_scala! { i128 }
   | ------------------------ in this macro invocation
   |
note: while trying to match meta-variable `$doc:expr`
  --> src/vertex/linear_arithmatic.rs:2:13
   |
2  |     ($t:ty, $doc:expr) => {
   |             ^^^^^^^^^
   = note: this error originates in the macro `impl_mul_scala` (in Nightly builds, run with -Z macro-backtrace for more info)

error: no rules expected the token `,`
  --> src/vertex/linear_arithmatic.rs:51:14
   |
1  | macro_rules! impl_mul_scala {
   | --------------------------- when calling this macro
...
51 |             ),
   |              ^ no rules expected this token in macro call
...
65 | impl_mul_scala! { u128 }
   | ------------------------ in this macro invocation
   |
note: while trying to match meta-variable `$doc:expr`
  --> src/vertex/linear_arithmatic.rs:2:13
   |
2  |     ($t:ty, $doc:expr) => {
   |             ^^^^^^^^^
   = note: this error originates in the macro `impl_mul_scala` (in Nightly builds, run with -Z macro-backtrace for more info)

error: no rules expected the token `,`
  --> src/vertex/linear_arithmatic.rs:51:14
   |
1  | macro_rules! impl_mul_scala {
   | --------------------------- when calling this macro
...
51 |             ),
   |              ^ no rules expected this token in macro call
...
66 | impl_mul_scala! { isize }
   | ------------------------- in this macro invocation
   |
note: while trying to match meta-variable `$doc:expr`
  --> src/vertex/linear_arithmatic.rs:2:13
   |
2  |     ($t:ty, $doc:expr) => {
   |             ^^^^^^^^^
   = note: this error originates in the macro `impl_mul_scala` (in Nightly builds, run with -Z macro-backtrace for more info)

error: no rules expected the token `,`
  --> src/vertex/linear_arithmatic.rs:51:14
   |
1  | macro_rules! impl_mul_scala {
   | --------------------------- when calling this macro
...
51 |             ),
   |              ^ no rules expected this token in macro call
...
67 | impl_mul_scala! { usize }
   | ------------------------- in this macro invocation
   |
note: while trying to match meta-variable `$doc:expr`
  --> src/vertex/linear_arithmatic.rs:2:13
   |
2  |     ($t:ty, $doc:expr) => {
   |             ^^^^^^^^^
   = note: this error originates in the macro `impl_mul_scala` (in Nightly builds, run with -Z macro-backtrace for more info)

error: non-item in item list
  --> src/vertex/linear_arithmatic.rs:24:13
   |
21 |           impl crate::linear::Dot<$t> for super::Vertex<$t> {
   |  ___________________________________________________________-
22 | |             type Output = super::Vertex<$t>;
23 | |
24 | |             [doc=$doc]
   | |             ^ non-item starts here
...  |
27 | |             }
28 | |         }
   | |         -
   | |         |
   | |_________item list starts here
   |           item list ends here
...
68 | / impl_mul_scala! { f32, concat!(
69 | |     "Computes dot product of `slal::vec::Vector<f32>` and scala of `f32`\n"
70 | |     "\n# Examples\n",
71 | |     "```\n",
...  |
76 | |     "```",
77 | | ) }
   | |___- in this macro invocation
   |
   = note: this error originates in the macro `impl_mul_scala` (in Nightly builds, run with -Z macro-backtrace for more info)

error: non-item in item list
  --> src/vertex/linear_arithmatic.rs:24:13
   |
21 |           impl crate::linear::Dot<$t> for super::Vertex<$t> {
   |  ___________________________________________________________-
22 | |             type Output = super::Vertex<$t>;
23 | |
24 | |             [doc=$doc]
   | |             ^ non-item starts here
...  |
27 | |             }
28 | |         }
   | |         -
   | |         |
   | |_________item list starts here
   |           item list ends here
...
78 | / impl_mul_scala! { f64, concat!(
79 | |     "Computes dot product of `slal::vec::Vector<f64>` and scala of `f64`\n"
80 | |     "\n# Examples\n",
81 | |     "```\n",
...  |
86 | |     "```",
87 | | ) }
   | |___- in this macro invocation
   |
   = note: this error originates in the macro `impl_mul_scala` (in Nightly builds, run with -Z macro-backtrace for more info)

error: no rules expected the token `,`
   --> src/vertex/linear_arithmatic.rs:132:14
    |
89  | macro_rules! impl_mul_with_scala {
    | -------------------------------- when calling this macro
...
132 |             ),
    |              ^ no rules expected this token in macro call
...
137 | impl_mul_with_scala! { i8 }
    | --------------------------- in this macro invocation
    |
note: while trying to match meta-variable `$doc:expr`
   --> src/vertex/linear_arithmatic.rs:90:13
    |
90  |     ($t:ty, $doc:expr) => {
    |             ^^^^^^^^^
    = note: this error originates in the macro `impl_mul_with_scala` (in Nightly builds, run with -Z macro-backtrace for more info)

error: no rules expected the token `,`
   --> src/vertex/linear_arithmatic.rs:132:14
    |
89  | macro_rules! impl_mul_with_scala {
    | -------------------------------- when calling this macro
...
132 |             ),
    |              ^ no rules expected this token in macro call
...
138 | impl_mul_with_scala! { u8 }
    | --------------------------- in this macro invocation
    |
note: while trying to match meta-variable `$doc:expr`
   --> src/vertex/linear_arithmatic.rs:90:13
    |
90  |     ($t:ty, $doc:expr) => {
    |             ^^^^^^^^^
    = note: this error originates in the macro `impl_mul_with_scala` (in Nightly builds, run with -Z macro-backtrace for more info)

error: no rules expected the token `,`
   --> src/vertex/linear_arithmatic.rs:132:14
    |
89  | macro_rules! impl_mul_with_scala {
    | -------------------------------- when calling this macro
...
132 |             ),
    |              ^ no rules expected this token in macro call
...
139 | impl_mul_with_scala! { i16 }
    | ---------------------------- in this macro invocation
    |
note: while trying to match meta-variable `$doc:expr`
   --> src/vertex/linear_arithmatic.rs:90:13
    |
90  |     ($t:ty, $doc:expr) => {
    |             ^^^^^^^^^
    = note: this error originates in the macro `impl_mul_with_scala` (in Nightly builds, run with -Z macro-backtrace for more info)

error: no rules expected the token `,`
   --> src/vertex/linear_arithmatic.rs:132:14
    |
89  | macro_rules! impl_mul_with_scala {
    | -------------------------------- when calling this macro
...
132 |             ),
    |              ^ no rules expected this token in macro call
...
140 | impl_mul_with_scala! { u16 }
    | ---------------------------- in this macro invocation
    |
note: while trying to match meta-variable `$doc:expr`
   --> src/vertex/linear_arithmatic.rs:90:13
    |
90  |     ($t:ty, $doc:expr) => {
    |             ^^^^^^^^^
    = note: this error originates in the macro `impl_mul_with_scala` (in Nightly builds, run with -Z macro-backtrace for more info)

error: no rules expected the token `,`
   --> src/vertex/linear_arithmatic.rs:132:14
    |
89  | macro_rules! impl_mul_with_scala {
    | -------------------------------- when calling this macro
...
132 |             ),
    |              ^ no rules expected this token in macro call
...
141 | impl_mul_with_scala! { i32 }
    | ---------------------------- in this macro invocation
    |
note: while trying to match meta-variable `$doc:expr`
   --> src/vertex/linear_arithmatic.rs:90:13
    |
90  |     ($t:ty, $doc:expr) => {
    |             ^^^^^^^^^
    = note: this error originates in the macro `impl_mul_with_scala` (in Nightly builds, run with -Z macro-backtrace for more info)

error: no rules expected the token `,`
   --> src/vertex/linear_arithmatic.rs:132:14
    |
89  | macro_rules! impl_mul_with_scala {
    | -------------------------------- when calling this macro
...
132 |             ),
    |              ^ no rules expected this token in macro call
...
142 | impl_mul_with_scala! { u32 }
    | ---------------------------- in this macro invocation
    |
note: while trying to match meta-variable `$doc:expr`
   --> src/vertex/linear_arithmatic.rs:90:13
    |
90  |     ($t:ty, $doc:expr) => {
    |             ^^^^^^^^^
    = note: this error originates in the macro `impl_mul_with_scala` (in Nightly builds, run with -Z macro-backtrace for more info)

error: no rules expected the token `,`
   --> src/vertex/linear_arithmatic.rs:132:14
    |
89  | macro_rules! impl_mul_with_scala {
    | -------------------------------- when calling this macro
...
132 |             ),
    |              ^ no rules expected this token in macro call
...
143 | impl_mul_with_scala! { i64 }
    | ---------------------------- in this macro invocation
    |
note: while trying to match meta-variable `$doc:expr`
   --> src/vertex/linear_arithmatic.rs:90:13
    |
90  |     ($t:ty, $doc:expr) => {
    |             ^^^^^^^^^
    = note: this error originates in the macro `impl_mul_with_scala` (in Nightly builds, run with -Z macro-backtrace for more info)

error: no rules expected the token `,`
   --> src/vertex/linear_arithmatic.rs:132:14
    |
89  | macro_rules! impl_mul_with_scala {
    | -------------------------------- when calling this macro
...
132 |             ),
    |              ^ no rules expected this token in macro call
...
144 | impl_mul_with_scala! { u64 }
    | ---------------------------- in this macro invocation
    |
note: while trying to match meta-variable `$doc:expr`
   --> src/vertex/linear_arithmatic.rs:90:13
    |
90  |     ($t:ty, $doc:expr) => {
    |             ^^^^^^^^^
    = note: this error originates in the macro `impl_mul_with_scala` (in Nightly builds, run with -Z macro-backtrace for more info)

error: no rules expected the token `,`
   --> src/vertex/linear_arithmatic.rs:132:14
    |
89  | macro_rules! impl_mul_with_scala {
    | -------------------------------- when calling this macro
...
132 |             ),
    |              ^ no rules expected this token in macro call
...
145 | impl_mul_with_scala! { i128 }
    | ----------------------------- in this macro invocation
    |
note: while trying to match meta-variable `$doc:expr`
   --> src/vertex/linear_arithmatic.rs:90:13
    |
90  |     ($t:ty, $doc:expr) => {
    |             ^^^^^^^^^
    = note: this error originates in the macro `impl_mul_with_scala` (in Nightly builds, run with -Z macro-backtrace for more info)

error: no rules expected the token `,`
   --> src/vertex/linear_arithmatic.rs:132:14
    |
89  | macro_rules! impl_mul_with_scala {
    | -------------------------------- when calling this macro
...
132 |             ),
    |              ^ no rules expected this token in macro call
...
146 | impl_mul_with_scala! { u128 }
    | ----------------------------- in this macro invocation
    |
note: while trying to match meta-variable `$doc:expr`
   --> src/vertex/linear_arithmatic.rs:90:13
    |
90  |     ($t:ty, $doc:expr) => {
    |             ^^^^^^^^^
    = note: this error originates in the macro `impl_mul_with_scala` (in Nightly builds, run with -Z macro-backtrace for more info)

error: no rules expected the token `,`
   --> src/vertex/linear_arithmatic.rs:132:14
    |
89  | macro_rules! impl_mul_with_scala {
    | -------------------------------- when calling this macro
...
132 |             ),
    |              ^ no rules expected this token in macro call
...
147 | impl_mul_with_scala! { isize }
    | ------------------------------ in this macro invocation
    |
note: while trying to match meta-variable `$doc:expr`
   --> src/vertex/linear_arithmatic.rs:90:13
    |
90  |     ($t:ty, $doc:expr) => {
    |             ^^^^^^^^^
    = note: this error originates in the macro `impl_mul_with_scala` (in Nightly builds, run with -Z macro-backtrace for more info)

error: no rules expected the token `,`
   --> src/vertex/linear_arithmatic.rs:132:14
    |
89  | macro_rules! impl_mul_with_scala {
    | -------------------------------- when calling this macro
...
132 |             ),
    |              ^ no rules expected this token in macro call
...
148 | impl_mul_with_scala! { usize }
    | ------------------------------ in this macro invocation
    |
note: while trying to match meta-variable `$doc:expr`
   --> src/vertex/linear_arithmatic.rs:90:13
    |
90  |     ($t:ty, $doc:expr) => {
    |             ^^^^^^^^^
    = note: this error originates in the macro `impl_mul_with_scala` (in Nightly builds, run with -Z macro-backtrace for more info)

error: non-item in item list
   --> src/vertex/linear_arithmatic.rs:102:13
    |
99  |           impl crate::linear::Dot<super::Vertex<$t>> for $t {
    |  ___________________________________________________________-
100 | |             type Output = super::Vertex<$t>;
101 | |
102 | |             [doc=$doc]
    | |             ^ non-item starts here
...   |
108 | |             }
109 | |         }
    | |         -
    | |         |
    | |_________item list starts here
    |           item list ends here
...
149 | / impl_mul_with_scala! { f32, concat!(
150 | |     "Computes dot product of `slal::vec::Vector<f32>` and scala of `f32`\n"
151 | |     "\n# Examples\n",
152 | |     "```\n",
...   |
157 | |     "```",
158 | | ) }
    | |___- in this macro invocation
    |
    = note: this error originates in the macro `impl_mul_with_scala` (in Nightly builds, run with -Z macro-backtrace for more info)

error: non-item in item list
   --> src/vertex/linear_arithmatic.rs:102:13
    |
99  |           impl crate::linear::Dot<super::Vertex<$t>> for $t {
    |  ___________________________________________________________-
100 | |             type Output = super::Vertex<$t>;
101 | |
102 | |             [doc=$doc]
    | |             ^ non-item starts here
...   |
108 | |             }
109 | |         }
    | |         -
    | |         |
    | |_________item list starts here
    |           item list ends here
...
159 | / impl_mul_with_scala! { f64, concat!(
160 | |     "Computes dot product of `slal::vec::Vector<f64>` and scala of `f64`\n"
161 | |     "\n# Examples\n",
162 | |     "```\n",
...   |
167 | |     "```",
168 | | ) }
    | |___- in this macro invocation
    |
    = note: this error originates in the macro `impl_mul_with_scala` (in Nightly builds, run with -Z macro-backtrace for more info)

error: Compilation failed, aborting rustdoc

error: could not document `slal`

Caused by:
  process didn't exit successfully: `rustdoc --edition=2021 --crate-type lib --crate-name slal src/lib.rs -o /app/target/doc --error-format=json --json=diagnostic-rendered-ansi,artifacts,future-incompat -C metadata=5adc1e542c215702 -L dependency=/app/target/debug/deps --extern rand=/app/target/debug/deps/librand-7743a50d3134878b.rmeta --extern rayon=/app/target/debug/deps/librayon-4cf7701f3203f5bc.rmeta --extern thiserror=/app/target/debug/deps/libthiserror-a54424898ee727ab.rmeta --crate-version 0.1.0` (exit status: 1)
make: *** [Makefile:18: doc] Error 101
make: *** [Makefile:57: docker-doc] Error 2
